<?xml version="1.0" encoding="utf-8"?><testsuites name="pytest tests"><testsuite name="pytest" errors="0" failures="0" skipped="0" tests="9" time="1.657" timestamp="2026-05-22T21:13:00.919677+00:00" hostname="agent-env-a4c9d762-d3bd-4397-b6ff-5d85428c5563"><testcase classname="backend.tests.test_quotes" name="test_root_message" time="0.229" /><testcase classname="backend.tests.test_quotes" name="test_create_quote_success" time="0.060" /><testcase classname="backend.tests.test_quotes" name="test_create_quote_blank_required" time="0.211" /><testcase classname="backend.tests.test_quotes" name="test_create_quote_missing_field[name]" time="0.199" /><testcase classname="backend.tests.test_quotes" name="test_create_quote_missing_field[phone]" time="0.135" /><testcase classname="backend.tests.test_quotes" name="test_create_quote_missing_field[address]" time="0.196" /><testcase classname="backend.tests.test_quotes" name="test_create_quote_missing_field[service_type]" time="0.120" /><testcase classname="backend.tests.test_quotes" name="test_create_quote_missing_field[description]" time="0.128" /><testcase classname="backend.tests.test_quotes" name="test_list_quotes_sorted_no_id" time="0.173" /></testsuite></testsuites>